\BOOKMARK [0][-]{chapter.1}{\376\377\0001\000\040\000A\000K\0005\000P\000C\000\040\000-\000\040\000S\000h\000a\000p\000e\000\040\0002\000D}{}% 1
\BOOKMARK [1][-]{section.1.1}{\376\377\0001\000.\0001\000\040\000W\000h\000a\000t\000\040\000y\000o\000u\000\040\000m\000a\000y\000\040\000f\000i\000n\000d\000\040\000i\000n\000\040\000t\000h\000i\000s\000\040\000p\000r\000o\000j\000e\000c\000t\000\040\000a\000b\000o\000u\000t}{chapter.1}% 2
\BOOKMARK [1][-]{section.1.2}{\376\377\0001\000.\0002\000\040\000W\000h\000a\000t\000\040\000y\000o\000u\000\040\000D\000O\000N\000\047\000T\000\040\000f\000i\000n\000d\000\040\000i\000n\000\040\000t\000h\000i\000s\000\040\000p\000r\000o\000j\000e\000c\000t}{chapter.1}% 3
\BOOKMARK [1][-]{section.1.3}{\376\377\0001\000.\0003\000\040\000P\000r\000o\000j\000e\000c\000t\000\040\000s\000t\000r\000u\000c\000t\000u\000r\000e}{chapter.1}% 4
\BOOKMARK [1][-]{section.1.4}{\376\377\0001\000.\0004\000\040\000P\000r\000o\000j\000e\000c\000t\000\040\000d\000o\000c\000u\000m\000e\000n\000t\000a\000t\000i\000o\000n}{chapter.1}% 5
\BOOKMARK [0][-]{chapter.2}{\376\377\0002\000\040\000L\000I\000C\000E\000N\000S\000E}{}% 6
\BOOKMARK [0][-]{chapter.3}{\376\377\0003\000\040\000N\000a\000m\000e\000s\000p\000a\000c\000e\000\040\000I\000n\000d\000e\000x}{}% 7
\BOOKMARK [1][-]{section.3.1}{\376\377\0003\000.\0001\000\040\000N\000a\000m\000e\000s\000p\000a\000c\000e\000\040\000L\000i\000s\000t}{chapter.3}% 8
\BOOKMARK [0][-]{chapter.4}{\376\377\0004\000\040\000H\000i\000e\000r\000a\000r\000c\000h\000i\000c\000a\000l\000\040\000I\000n\000d\000e\000x}{}% 9
\BOOKMARK [1][-]{section.4.1}{\376\377\0004\000.\0001\000\040\000C\000l\000a\000s\000s\000\040\000H\000i\000e\000r\000a\000r\000c\000h\000y}{chapter.4}% 10
\BOOKMARK [0][-]{chapter.5}{\376\377\0005\000\040\000C\000l\000a\000s\000s\000\040\000I\000n\000d\000e\000x}{}% 11
\BOOKMARK [1][-]{section.5.1}{\376\377\0005\000.\0001\000\040\000C\000l\000a\000s\000s\000\040\000L\000i\000s\000t}{chapter.5}% 12
\BOOKMARK [0][-]{chapter.6}{\376\377\0006\000\040\000F\000i\000l\000e\000\040\000I\000n\000d\000e\000x}{}% 13
\BOOKMARK [1][-]{section.6.1}{\376\377\0006\000.\0001\000\040\000F\000i\000l\000e\000\040\000L\000i\000s\000t}{chapter.6}% 14
\BOOKMARK [0][-]{chapter.7}{\376\377\0007\000\040\000N\000a\000m\000e\000s\000p\000a\000c\000e\000\040\000D\000o\000c\000u\000m\000e\000n\000t\000a\000t\000i\000o\000n}{}% 15
\BOOKMARK [1][-]{section.7.1}{\376\377\0007\000.\0001\000\040\000S\000h\000a\000p\000e\000L\000i\000b\000\040\000N\000a\000m\000e\000s\000p\000a\000c\000e\000\040\000R\000e\000f\000e\000r\000e\000n\000c\000e}{chapter.7}% 16
\BOOKMARK [2][-]{subsection.7.1.1}{\376\377\0007\000.\0001\000.\0001\000\040\000F\000u\000n\000c\000t\000i\000o\000n\000\040\000D\000o\000c\000u\000m\000e\000n\000t\000a\000t\000i\000o\000n}{section.7.1}% 17
\BOOKMARK [3][-]{subsubsection.7.1.1.1}{\376\377\0007\000.\0001\000.\0001\000.\0001\000\040\000o\000p\000e\000r\000a\000t\000o\000r\000<\000<\000\050\000\051\000\040\000[\0001\000/\0003\000]}{subsection.7.1.1}% 18
\BOOKMARK [3][-]{subsubsection.7.1.1.2}{\376\377\0007\000.\0001\000.\0001\000.\0002\000\040\000o\000p\000e\000r\000a\000t\000o\000r\000<\000<\000\050\000\051\000\040\000[\0002\000/\0003\000]}{subsection.7.1.1}% 19
\BOOKMARK [3][-]{subsubsection.7.1.1.3}{\376\377\0007\000.\0001\000.\0001\000.\0003\000\040\000o\000p\000e\000r\000a\000t\000o\000r\000<\000<\000\050\000\051\000\040\000[\0003\000/\0003\000]}{subsection.7.1.1}% 20
\BOOKMARK [0][-]{chapter.8}{\376\377\0008\000\040\000C\000l\000a\000s\000s\000\040\000D\000o\000c\000u\000m\000e\000n\000t\000a\000t\000i\000o\000n}{}% 21
\BOOKMARK [1][-]{section.8.1}{\376\377\0008\000.\0001\000\040\000S\000h\000a\000p\000e\000L\000i\000b\000:\000:\000C\000i\000r\000c\000l\000e\000\040\000C\000l\000a\000s\000s\000\040\000R\000e\000f\000e\000r\000e\000n\000c\000e}{chapter.8}% 22
\BOOKMARK [2][-]{subsection.8.1.1}{\376\377\0008\000.\0001\000.\0001\000\040\000D\000e\000t\000a\000i\000l\000e\000d\000\040\000D\000e\000s\000c\000r\000i\000p\000t\000i\000o\000n}{section.8.1}% 23
\BOOKMARK [2][-]{subsection.8.1.2}{\376\377\0008\000.\0001\000.\0002\000\040\000C\000o\000n\000s\000t\000r\000u\000c\000t\000o\000r\000\040\000\046\000\040\000D\000e\000s\000t\000r\000u\000c\000t\000o\000r\000\040\000D\000o\000c\000u\000m\000e\000n\000t\000a\000t\000i\000o\000n}{section.8.1}% 24
\BOOKMARK [3][-]{subsubsection.8.1.2.1}{\376\377\0008\000.\0001\000.\0002\000.\0001\000\040\000C\000i\000r\000c\000l\000e\000\050\000\051\000\040\000[\0001\000/\0002\000]}{subsection.8.1.2}% 25
\BOOKMARK [3][-]{subsubsection.8.1.2.2}{\376\377\0008\000.\0001\000.\0002\000.\0002\000\040\000C\000i\000r\000c\000l\000e\000\050\000\051\000\040\000[\0002\000/\0002\000]}{subsection.8.1.2}% 26
\BOOKMARK [2][-]{subsection.8.1.3}{\376\377\0008\000.\0001\000.\0003\000\040\000M\000e\000m\000b\000e\000r\000\040\000F\000u\000n\000c\000t\000i\000o\000n\000\040\000D\000o\000c\000u\000m\000e\000n\000t\000a\000t\000i\000o\000n}{section.8.1}% 27
\BOOKMARK [3][-]{subsubsection.8.1.3.1}{\376\377\0008\000.\0001\000.\0003\000.\0001\000\040\000g\000e\000t\000B\000o\000r\000d\000e\000r\000L\000e\000n\000g\000t\000h\000\050\000\051}{subsection.8.1.3}% 28
\BOOKMARK [3][-]{subsubsection.8.1.3.2}{\376\377\0008\000.\0001\000.\0003\000.\0002\000\040\000g\000e\000t\000C\000e\000n\000t\000e\000r\000P\000o\000i\000n\000t\000\050\000\051}{subsection.8.1.3}% 29
\BOOKMARK [3][-]{subsubsection.8.1.3.3}{\376\377\0008\000.\0001\000.\0003\000.\0003\000\040\000g\000e\000t\000C\000i\000r\000c\000l\000e\000V\000o\000l\000u\000m\000e\000\050\000\051}{subsection.8.1.3}% 30
\BOOKMARK [3][-]{subsubsection.8.1.3.4}{\376\377\0008\000.\0001\000.\0003\000.\0004\000\040\000g\000e\000t\000R\000a\000d\000i\000u\000s\000\050\000\051}{subsection.8.1.3}% 31
\BOOKMARK [3][-]{subsubsection.8.1.3.5}{\376\377\0008\000.\0001\000.\0003\000.\0005\000\040\000p\000r\000i\000n\000t\000I\000n\000f\000o\000\050\000\051}{subsection.8.1.3}% 32
\BOOKMARK [3][-]{subsubsection.8.1.3.6}{\376\377\0008\000.\0001\000.\0003\000.\0006\000\040\000r\000e\000c\000a\000l\000c\000u\000l\000a\000t\000e\000D\000i\000m\000\050\000\051}{subsection.8.1.3}% 33
\BOOKMARK [3][-]{subsubsection.8.1.3.7}{\376\377\0008\000.\0001\000.\0003\000.\0007\000\040\000s\000e\000t\000C\000e\000n\000t\000e\000r\000P\000o\000i\000n\000t\000\050\000\051}{subsection.8.1.3}% 34
\BOOKMARK [3][-]{subsubsection.8.1.3.8}{\376\377\0008\000.\0001\000.\0003\000.\0008\000\040\000s\000e\000t\000R\000a\000d\000i\000u\000s\000\050\000\051}{subsection.8.1.3}% 35
\BOOKMARK [2][-]{subsection.8.1.4}{\376\377\0008\000.\0001\000.\0004\000\040\000M\000e\000m\000b\000e\000r\000\040\000D\000a\000t\000a\000\040\000D\000o\000c\000u\000m\000e\000n\000t\000a\000t\000i\000o\000n}{section.8.1}% 36
\BOOKMARK [3][-]{subsubsection.8.1.4.1}{\376\377\0008\000.\0001\000.\0004\000.\0001\000\040\000b\000o\000r\000d\000e\000r\000L\000e\000n\000g\000t\000h}{subsection.8.1.4}% 37
\BOOKMARK [3][-]{subsubsection.8.1.4.2}{\376\377\0008\000.\0001\000.\0004\000.\0002\000\040\000c\000e\000n\000t\000e\000r\000P\000o\000i\000n\000t}{subsection.8.1.4}% 38
\BOOKMARK [3][-]{subsubsection.8.1.4.3}{\376\377\0008\000.\0001\000.\0004\000.\0003\000\040\000c\000i\000r\000c\000l\000e\000V\000o\000l\000u\000m\000e}{subsection.8.1.4}% 39
\BOOKMARK [3][-]{subsubsection.8.1.4.4}{\376\377\0008\000.\0001\000.\0004\000.\0004\000\040\000d\000i\000m\000s\000V\000a\000l\000i\000d}{subsection.8.1.4}% 40
\BOOKMARK [3][-]{subsubsection.8.1.4.5}{\376\377\0008\000.\0001\000.\0004\000.\0005\000\040\000r\000a\000d\000i\000u\000s}{subsection.8.1.4}% 41
\BOOKMARK [1][-]{section.8.2}{\376\377\0008\000.\0002\000\040\000S\000h\000a\000p\000e\000L\000i\000b\000:\000:\000P\000o\000i\000n\000t\000\040\000C\000l\000a\000s\000s\000\040\000R\000e\000f\000e\000r\000e\000n\000c\000e}{chapter.8}% 42
\BOOKMARK [2][-]{subsection.8.2.1}{\376\377\0008\000.\0002\000.\0001\000\040\000D\000e\000t\000a\000i\000l\000e\000d\000\040\000D\000e\000s\000c\000r\000i\000p\000t\000i\000o\000n}{section.8.2}% 43
\BOOKMARK [2][-]{subsection.8.2.2}{\376\377\0008\000.\0002\000.\0002\000\040\000C\000o\000n\000s\000t\000r\000u\000c\000t\000o\000r\000\040\000\046\000\040\000D\000e\000s\000t\000r\000u\000c\000t\000o\000r\000\040\000D\000o\000c\000u\000m\000e\000n\000t\000a\000t\000i\000o\000n}{section.8.2}% 44
\BOOKMARK [3][-]{subsubsection.8.2.2.1}{\376\377\0008\000.\0002\000.\0002\000.\0001\000\040\000P\000o\000i\000n\000t\000\050\000\051}{subsection.8.2.2}% 45
\BOOKMARK [2][-]{subsection.8.2.3}{\376\377\0008\000.\0002\000.\0003\000\040\000M\000e\000m\000b\000e\000r\000\040\000F\000u\000n\000c\000t\000i\000o\000n\000\040\000D\000o\000c\000u\000m\000e\000n\000t\000a\000t\000i\000o\000n}{section.8.2}% 46
\BOOKMARK [3][-]{subsubsection.8.2.3.1}{\376\377\0008\000.\0002\000.\0003\000.\0001\000\040\000h\000o\000r\000i\000z\000o\000n\000t\000a\000l\000D\000i\000s\000t\000a\000n\000c\000e\000\050\000\051}{subsection.8.2.3}% 47
\BOOKMARK [3][-]{subsubsection.8.2.3.2}{\376\377\0008\000.\0002\000.\0003\000.\0002\000\040\000v\000e\000r\000t\000i\000c\000a\000l\000D\000i\000s\000t\000a\000n\000c\000e\000\050\000\051}{subsection.8.2.3}% 48
\BOOKMARK [2][-]{subsection.8.2.4}{\376\377\0008\000.\0002\000.\0004\000\040\000M\000e\000m\000b\000e\000r\000\040\000D\000a\000t\000a\000\040\000D\000o\000c\000u\000m\000e\000n\000t\000a\000t\000i\000o\000n}{section.8.2}% 49
\BOOKMARK [3][-]{subsubsection.8.2.4.1}{\376\377\0008\000.\0002\000.\0004\000.\0001\000\040\000x}{subsection.8.2.4}% 50
\BOOKMARK [3][-]{subsubsection.8.2.4.2}{\376\377\0008\000.\0002\000.\0004\000.\0002\000\040\000y}{subsection.8.2.4}% 51
\BOOKMARK [1][-]{section.8.3}{\376\377\0008\000.\0003\000\040\000S\000h\000a\000p\000e\000L\000i\000b\000:\000:\000R\000e\000c\000t\000a\000n\000g\000l\000e\000\040\000C\000l\000a\000s\000s\000\040\000R\000e\000f\000e\000r\000e\000n\000c\000e}{chapter.8}% 52
\BOOKMARK [2][-]{subsection.8.3.1}{\376\377\0008\000.\0003\000.\0001\000\040\000D\000e\000t\000a\000i\000l\000e\000d\000\040\000D\000e\000s\000c\000r\000i\000p\000t\000i\000o\000n}{section.8.3}% 53
\BOOKMARK [2][-]{subsection.8.3.2}{\376\377\0008\000.\0003\000.\0002\000\040\000C\000o\000n\000s\000t\000r\000u\000c\000t\000o\000r\000\040\000\046\000\040\000D\000e\000s\000t\000r\000u\000c\000t\000o\000r\000\040\000D\000o\000c\000u\000m\000e\000n\000t\000a\000t\000i\000o\000n}{section.8.3}% 54
\BOOKMARK [3][-]{subsubsection.8.3.2.1}{\376\377\0008\000.\0003\000.\0002\000.\0001\000\040\000R\000e\000c\000t\000a\000n\000g\000l\000e\000\050\000\051\000\040\000[\0001\000/\0002\000]}{subsection.8.3.2}% 55
\BOOKMARK [3][-]{subsubsection.8.3.2.2}{\376\377\0008\000.\0003\000.\0002\000.\0002\000\040\000R\000e\000c\000t\000a\000n\000g\000l\000e\000\050\000\051\000\040\000[\0002\000/\0002\000]}{subsection.8.3.2}% 56
\BOOKMARK [2][-]{subsection.8.3.3}{\376\377\0008\000.\0003\000.\0003\000\040\000M\000e\000m\000b\000e\000r\000\040\000F\000u\000n\000c\000t\000i\000o\000n\000\040\000D\000o\000c\000u\000m\000e\000n\000t\000a\000t\000i\000o\000n}{section.8.3}% 57
\BOOKMARK [3][-]{subsubsection.8.3.3.1}{\376\377\0008\000.\0003\000.\0003\000.\0001\000\040\000g\000e\000t\000H\000e\000i\000g\000h\000t\000\050\000\051}{subsection.8.3.3}% 58
\BOOKMARK [3][-]{subsubsection.8.3.3.2}{\376\377\0008\000.\0003\000.\0003\000.\0002\000\040\000g\000e\000t\000P\0001\000\050\000\051}{subsection.8.3.3}% 59
\BOOKMARK [3][-]{subsubsection.8.3.3.3}{\376\377\0008\000.\0003\000.\0003\000.\0003\000\040\000g\000e\000t\000P\0002\000\050\000\051}{subsection.8.3.3}% 60
\BOOKMARK [3][-]{subsubsection.8.3.3.4}{\376\377\0008\000.\0003\000.\0003\000.\0004\000\040\000g\000e\000t\000W\000i\000d\000t\000h\000\050\000\051}{subsection.8.3.3}% 61
\BOOKMARK [3][-]{subsubsection.8.3.3.5}{\376\377\0008\000.\0003\000.\0003\000.\0005\000\040\000p\000r\000i\000n\000t\000I\000n\000f\000o\000\050\000\051}{subsection.8.3.3}% 62
\BOOKMARK [3][-]{subsubsection.8.3.3.6}{\376\377\0008\000.\0003\000.\0003\000.\0006\000\040\000r\000e\000c\000a\000l\000c\000u\000l\000a\000t\000e\000D\000i\000m\000\050\000\051}{subsection.8.3.3}% 63
\BOOKMARK [3][-]{subsubsection.8.3.3.7}{\376\377\0008\000.\0003\000.\0003\000.\0007\000\040\000s\000e\000t\000P\0001\000\050\000\051}{subsection.8.3.3}% 64
\BOOKMARK [3][-]{subsubsection.8.3.3.8}{\376\377\0008\000.\0003\000.\0003\000.\0008\000\040\000s\000e\000t\000P\0002\000\050\000\051}{subsection.8.3.3}% 65
\BOOKMARK [2][-]{subsection.8.3.4}{\376\377\0008\000.\0003\000.\0004\000\040\000M\000e\000m\000b\000e\000r\000\040\000D\000a\000t\000a\000\040\000D\000o\000c\000u\000m\000e\000n\000t\000a\000t\000i\000o\000n}{section.8.3}% 66
\BOOKMARK [3][-]{subsubsection.8.3.4.1}{\376\377\0008\000.\0003\000.\0004\000.\0001\000\040\000d\000i\000m\000V\000a\000l\000i\000d}{subsection.8.3.4}% 67
\BOOKMARK [3][-]{subsubsection.8.3.4.2}{\376\377\0008\000.\0003\000.\0004\000.\0002\000\040\000h\000e\000i\000g\000h\000t}{subsection.8.3.4}% 68
\BOOKMARK [3][-]{subsubsection.8.3.4.3}{\376\377\0008\000.\0003\000.\0004\000.\0003\000\040\000p\0001}{subsection.8.3.4}% 69
\BOOKMARK [3][-]{subsubsection.8.3.4.4}{\376\377\0008\000.\0003\000.\0004\000.\0004\000\040\000p\0002}{subsection.8.3.4}% 70
\BOOKMARK [3][-]{subsubsection.8.3.4.5}{\376\377\0008\000.\0003\000.\0004\000.\0005\000\040\000w\000i\000d\000t\000h}{subsection.8.3.4}% 71
\BOOKMARK [1][-]{section.8.4}{\376\377\0008\000.\0004\000\040\000S\000h\000a\000p\000e\000L\000i\000b\000:\000:\000S\000h\000a\000p\000e\000\040\000C\000l\000a\000s\000s\000\040\000R\000e\000f\000e\000r\000e\000n\000c\000e}{chapter.8}% 72
\BOOKMARK [2][-]{subsection.8.4.1}{\376\377\0008\000.\0004\000.\0001\000\040\000D\000e\000t\000a\000i\000l\000e\000d\000\040\000D\000e\000s\000c\000r\000i\000p\000t\000i\000o\000n}{section.8.4}% 73
\BOOKMARK [2][-]{subsection.8.4.2}{\376\377\0008\000.\0004\000.\0002\000\040\000C\000o\000n\000s\000t\000r\000u\000c\000t\000o\000r\000\040\000\046\000\040\000D\000e\000s\000t\000r\000u\000c\000t\000o\000r\000\040\000D\000o\000c\000u\000m\000e\000n\000t\000a\000t\000i\000o\000n}{section.8.4}% 74
\BOOKMARK [3][-]{subsubsection.8.4.2.1}{\376\377\0008\000.\0004\000.\0002\000.\0001\000\040\000S\000h\000a\000p\000e\000\050\000\051}{subsection.8.4.2}% 75
\BOOKMARK [2][-]{subsection.8.4.3}{\376\377\0008\000.\0004\000.\0003\000\040\000M\000e\000m\000b\000e\000r\000\040\000F\000u\000n\000c\000t\000i\000o\000n\000\040\000D\000o\000c\000u\000m\000e\000n\000t\000a\000t\000i\000o\000n}{section.8.4}% 76
\BOOKMARK [3][-]{subsubsection.8.4.3.1}{\376\377\0008\000.\0004\000.\0003\000.\0001\000\040\000g\000e\000t\000I\000D\000\050\000\051}{subsection.8.4.3}% 77
\BOOKMARK [3][-]{subsubsection.8.4.3.2}{\376\377\0008\000.\0004\000.\0003\000.\0002\000\040\000p\000r\000i\000n\000t\000I\000n\000f\000o\000\050\000\051}{subsection.8.4.3}% 78
\BOOKMARK [2][-]{subsection.8.4.4}{\376\377\0008\000.\0004\000.\0004\000\040\000M\000e\000m\000b\000e\000r\000\040\000D\000a\000t\000a\000\040\000D\000o\000c\000u\000m\000e\000n\000t\000a\000t\000i\000o\000n}{section.8.4}% 79
\BOOKMARK [3][-]{subsubsection.8.4.4.1}{\376\377\0008\000.\0004\000.\0004\000.\0001\000\040\000I\000D}{subsection.8.4.4}% 80
\BOOKMARK [0][-]{chapter.9}{\376\377\0009\000\040\000F\000i\000l\000e\000\040\000D\000o\000c\000u\000m\000e\000n\000t\000a\000t\000i\000o\000n}{}% 81
\BOOKMARK [1][-]{section.9.1}{\376\377\0009\000.\0001\000\040\000C\000M\000a\000k\000e\000C\000C\000o\000m\000p\000i\000l\000e\000r\000I\000d\000.\000c\000\040\000F\000i\000l\000e\000\040\000R\000e\000f\000e\000r\000e\000n\000c\000e}{chapter.9}% 82
\BOOKMARK [2][-]{subsection.9.1.1}{\376\377\0009\000.\0001\000.\0001\000\040\000M\000a\000c\000r\000o\000\040\000D\000e\000f\000i\000n\000i\000t\000i\000o\000n\000\040\000D\000o\000c\000u\000m\000e\000n\000t\000a\000t\000i\000o\000n}{section.9.1}% 83
\BOOKMARK [3][-]{subsubsection.9.1.1.1}{\376\377\0009\000.\0001\000.\0001\000.\0001\000\040\000\137\000\137\000h\000a\000s\000\137\000i\000n\000c\000l\000u\000d\000e}{subsection.9.1.1}% 84
\BOOKMARK [3][-]{subsubsection.9.1.1.2}{\376\377\0009\000.\0001\000.\0001\000.\0002\000\040\000A\000R\000C\000H\000I\000T\000E\000C\000T\000U\000R\000E\000\137\000I\000D}{subsection.9.1.1}% 85
\BOOKMARK [3][-]{subsubsection.9.1.1.3}{\376\377\0009\000.\0001\000.\0001\000.\0003\000\040\000C\000\137\000V\000E\000R\000S\000I\000O\000N}{subsection.9.1.1}% 86
\BOOKMARK [3][-]{subsubsection.9.1.1.4}{\376\377\0009\000.\0001\000.\0001\000.\0004\000\040\000C\000O\000M\000P\000I\000L\000E\000R\000\137\000I\000D}{subsection.9.1.1}% 87
\BOOKMARK [3][-]{subsubsection.9.1.1.5}{\376\377\0009\000.\0001\000.\0001\000.\0005\000\040\000D\000E\000C}{subsection.9.1.1}% 88
\BOOKMARK [3][-]{subsubsection.9.1.1.6}{\376\377\0009\000.\0001\000.\0001\000.\0006\000\040\000H\000E\000X}{subsection.9.1.1}% 89
\BOOKMARK [3][-]{subsubsection.9.1.1.7}{\376\377\0009\000.\0001\000.\0001\000.\0007\000\040\000P\000L\000A\000T\000F\000O\000R\000M\000\137\000I\000D}{subsection.9.1.1}% 90
\BOOKMARK [3][-]{subsubsection.9.1.1.8}{\376\377\0009\000.\0001\000.\0001\000.\0008\000\040\000S\000T\000R\000I\000N\000G\000I\000F\000Y}{subsection.9.1.1}% 91
\BOOKMARK [3][-]{subsubsection.9.1.1.9}{\376\377\0009\000.\0001\000.\0001\000.\0009\000\040\000S\000T\000R\000I\000N\000G\000I\000F\000Y\000\137\000H\000E\000L\000P\000E\000R}{subsection.9.1.1}% 92
\BOOKMARK [2][-]{subsection.9.1.2}{\376\377\0009\000.\0001\000.\0002\000\040\000F\000u\000n\000c\000t\000i\000o\000n\000\040\000D\000o\000c\000u\000m\000e\000n\000t\000a\000t\000i\000o\000n}{section.9.1}% 93
\BOOKMARK [3][-]{subsubsection.9.1.2.1}{\376\377\0009\000.\0001\000.\0002\000.\0001\000\040\000m\000a\000i\000n\000\050\000\051}{subsection.9.1.2}% 94
\BOOKMARK [2][-]{subsection.9.1.3}{\376\377\0009\000.\0001\000.\0003\000\040\000V\000a\000r\000i\000a\000b\000l\000e\000\040\000D\000o\000c\000u\000m\000e\000n\000t\000a\000t\000i\000o\000n}{section.9.1}% 95
\BOOKMARK [3][-]{subsubsection.9.1.3.1}{\376\377\0009\000.\0001\000.\0003\000.\0001\000\040\000i\000n\000f\000o\000\137\000a\000r\000c\000h}{subsection.9.1.3}% 96
\BOOKMARK [3][-]{subsubsection.9.1.3.2}{\376\377\0009\000.\0001\000.\0003\000.\0002\000\040\000i\000n\000f\000o\000\137\000c\000o\000m\000p\000i\000l\000e\000r}{subsection.9.1.3}% 97
\BOOKMARK [3][-]{subsubsection.9.1.3.3}{\376\377\0009\000.\0001\000.\0003\000.\0003\000\040\000i\000n\000f\000o\000\137\000l\000a\000n\000g\000u\000a\000g\000e\000\137\000e\000x\000t\000e\000n\000s\000i\000o\000n\000s\000\137\000d\000e\000f\000a\000u\000l\000t}{subsection.9.1.3}% 98
\BOOKMARK [3][-]{subsubsection.9.1.3.4}{\376\377\0009\000.\0001\000.\0003\000.\0004\000\040\000i\000n\000f\000o\000\137\000l\000a\000n\000g\000u\000a\000g\000e\000\137\000s\000t\000a\000n\000d\000a\000r\000d\000\137\000d\000e\000f\000a\000u\000l\000t}{subsection.9.1.3}% 99
\BOOKMARK [3][-]{subsubsection.9.1.3.5}{\376\377\0009\000.\0001\000.\0003\000.\0005\000\040\000i\000n\000f\000o\000\137\000p\000l\000a\000t\000f\000o\000r\000m}{subsection.9.1.3}% 100
\BOOKMARK [1][-]{section.9.2}{\376\377\0009\000.\0002\000\040\000C\000M\000a\000k\000e\000C\000X\000X\000C\000o\000m\000p\000i\000l\000e\000r\000I\000d\000.\000c\000p\000p\000\040\000F\000i\000l\000e\000\040\000R\000e\000f\000e\000r\000e\000n\000c\000e}{chapter.9}% 101
\BOOKMARK [2][-]{subsection.9.2.1}{\376\377\0009\000.\0002\000.\0001\000\040\000M\000a\000c\000r\000o\000\040\000D\000e\000f\000i\000n\000i\000t\000i\000o\000n\000\040\000D\000o\000c\000u\000m\000e\000n\000t\000a\000t\000i\000o\000n}{section.9.2}% 102
\BOOKMARK [3][-]{subsubsection.9.2.1.1}{\376\377\0009\000.\0002\000.\0001\000.\0001\000\040\000\137\000\137\000h\000a\000s\000\137\000i\000n\000c\000l\000u\000d\000e}{subsection.9.2.1}% 103
\BOOKMARK [3][-]{subsubsection.9.2.1.2}{\376\377\0009\000.\0002\000.\0001\000.\0002\000\040\000A\000R\000C\000H\000I\000T\000E\000C\000T\000U\000R\000E\000\137\000I\000D}{subsection.9.2.1}% 104
\BOOKMARK [3][-]{subsubsection.9.2.1.3}{\376\377\0009\000.\0002\000.\0001\000.\0003\000\040\000C\000O\000M\000P\000I\000L\000E\000R\000\137\000I\000D}{subsection.9.2.1}% 105
\BOOKMARK [3][-]{subsubsection.9.2.1.4}{\376\377\0009\000.\0002\000.\0001\000.\0004\000\040\000C\000X\000X\000\137\000S\000T\000D}{subsection.9.2.1}% 106
\BOOKMARK [3][-]{subsubsection.9.2.1.5}{\376\377\0009\000.\0002\000.\0001\000.\0005\000\040\000D\000E\000C}{subsection.9.2.1}% 107
\BOOKMARK [3][-]{subsubsection.9.2.1.6}{\376\377\0009\000.\0002\000.\0001\000.\0006\000\040\000H\000E\000X}{subsection.9.2.1}% 108
\BOOKMARK [3][-]{subsubsection.9.2.1.7}{\376\377\0009\000.\0002\000.\0001\000.\0007\000\040\000P\000L\000A\000T\000F\000O\000R\000M\000\137\000I\000D}{subsection.9.2.1}% 109
\BOOKMARK [3][-]{subsubsection.9.2.1.8}{\376\377\0009\000.\0002\000.\0001\000.\0008\000\040\000S\000T\000R\000I\000N\000G\000I\000F\000Y}{subsection.9.2.1}% 110
\BOOKMARK [3][-]{subsubsection.9.2.1.9}{\376\377\0009\000.\0002\000.\0001\000.\0009\000\040\000S\000T\000R\000I\000N\000G\000I\000F\000Y\000\137\000H\000E\000L\000P\000E\000R}{subsection.9.2.1}% 111
\BOOKMARK [2][-]{subsection.9.2.2}{\376\377\0009\000.\0002\000.\0002\000\040\000F\000u\000n\000c\000t\000i\000o\000n\000\040\000D\000o\000c\000u\000m\000e\000n\000t\000a\000t\000i\000o\000n}{section.9.2}% 112
\BOOKMARK [3][-]{subsubsection.9.2.2.1}{\376\377\0009\000.\0002\000.\0002\000.\0001\000\040\000m\000a\000i\000n\000\050\000\051}{subsection.9.2.2}% 113
\BOOKMARK [2][-]{subsection.9.2.3}{\376\377\0009\000.\0002\000.\0003\000\040\000V\000a\000r\000i\000a\000b\000l\000e\000\040\000D\000o\000c\000u\000m\000e\000n\000t\000a\000t\000i\000o\000n}{section.9.2}% 114
\BOOKMARK [3][-]{subsubsection.9.2.3.1}{\376\377\0009\000.\0002\000.\0003\000.\0001\000\040\000i\000n\000f\000o\000\137\000a\000r\000c\000h}{subsection.9.2.3}% 115
\BOOKMARK [3][-]{subsubsection.9.2.3.2}{\376\377\0009\000.\0002\000.\0003\000.\0002\000\040\000i\000n\000f\000o\000\137\000c\000o\000m\000p\000i\000l\000e\000r}{subsection.9.2.3}% 116
\BOOKMARK [3][-]{subsubsection.9.2.3.3}{\376\377\0009\000.\0002\000.\0003\000.\0003\000\040\000i\000n\000f\000o\000\137\000l\000a\000n\000g\000u\000a\000g\000e\000\137\000e\000x\000t\000e\000n\000s\000i\000o\000n\000s\000\137\000d\000e\000f\000a\000u\000l\000t}{subsection.9.2.3}% 117
\BOOKMARK [3][-]{subsubsection.9.2.3.4}{\376\377\0009\000.\0002\000.\0003\000.\0004\000\040\000i\000n\000f\000o\000\137\000l\000a\000n\000g\000u\000a\000g\000e\000\137\000s\000t\000a\000n\000d\000a\000r\000d\000\137\000d\000e\000f\000a\000u\000l\000t}{subsection.9.2.3}% 118
\BOOKMARK [3][-]{subsubsection.9.2.3.5}{\376\377\0009\000.\0002\000.\0003\000.\0005\000\040\000i\000n\000f\000o\000\137\000p\000l\000a\000t\000f\000o\000r\000m}{subsection.9.2.3}% 119
\BOOKMARK [1][-]{section.9.3}{\376\377\0009\000.\0003\000\040\000L\000I\000C\000E\000N\000S\000E\000.\000M\000D\000\040\000F\000i\000l\000e\000\040\000R\000e\000f\000e\000r\000e\000n\000c\000e}{chapter.9}% 120
\BOOKMARK [1][-]{section.9.4}{\376\377\0009\000.\0004\000\040\000m\000a\000i\000n\000.\000c\000p\000p\000\040\000F\000i\000l\000e\000\040\000R\000e\000f\000e\000r\000e\000n\000c\000e}{chapter.9}% 121
\BOOKMARK [2][-]{subsection.9.4.1}{\376\377\0009\000.\0004\000.\0001\000\040\000F\000u\000n\000c\000t\000i\000o\000n\000\040\000D\000o\000c\000u\000m\000e\000n\000t\000a\000t\000i\000o\000n}{section.9.4}% 122
\BOOKMARK [3][-]{subsubsection.9.4.1.1}{\376\377\0009\000.\0004\000.\0001\000.\0001\000\040\000m\000a\000i\000n\000\050\000\051}{subsection.9.4.1}% 123
\BOOKMARK [1][-]{section.9.5}{\376\377\0009\000.\0005\000\040\000R\000E\000A\000D\000M\000E\000.\000m\000d\000\040\000F\000i\000l\000e\000\040\000R\000e\000f\000e\000r\000e\000n\000c\000e}{chapter.9}% 124
\BOOKMARK [1][-]{section.9.6}{\376\377\0009\000.\0006\000\040\000c\000i\000r\000c\000l\000e\000.\000h\000\040\000F\000i\000l\000e\000\040\000R\000e\000f\000e\000r\000e\000n\000c\000e}{chapter.9}% 125
\BOOKMARK [1][-]{section.9.7}{\376\377\0009\000.\0007\000\040\000c\000i\000r\000c\000l\000e\000.\000h}{chapter.9}% 126
\BOOKMARK [1][-]{section.9.8}{\376\377\0009\000.\0008\000\040\000p\000o\000i\000n\000t\000.\000h\000\040\000F\000i\000l\000e\000\040\000R\000e\000f\000e\000r\000e\000n\000c\000e}{chapter.9}% 127
\BOOKMARK [1][-]{section.9.9}{\376\377\0009\000.\0009\000\040\000p\000o\000i\000n\000t\000.\000h}{chapter.9}% 128
\BOOKMARK [1][-]{section.9.10}{\376\377\0009\000.\0001\0000\000\040\000r\000e\000c\000t\000a\000n\000g\000l\000e\000.\000h\000\040\000F\000i\000l\000e\000\040\000R\000e\000f\000e\000r\000e\000n\000c\000e}{chapter.9}% 129
\BOOKMARK [1][-]{section.9.11}{\376\377\0009\000.\0001\0001\000\040\000r\000e\000c\000t\000a\000n\000g\000l\000e\000.\000h}{chapter.9}% 130
\BOOKMARK [1][-]{section.9.12}{\376\377\0009\000.\0001\0002\000\040\000s\000h\000a\000p\000e\000.\000h\000\040\000F\000i\000l\000e\000\040\000R\000e\000f\000e\000r\000e\000n\000c\000e}{chapter.9}% 131
\BOOKMARK [1][-]{section.9.13}{\376\377\0009\000.\0001\0003\000\040\000s\000h\000a\000p\000e\000.\000h}{chapter.9}% 132
\BOOKMARK [1][-]{section.9.14}{\376\377\0009\000.\0001\0004\000\040\000c\000i\000r\000c\000l\000e\000.\000c\000p\000p\000\040\000F\000i\000l\000e\000\040\000R\000e\000f\000e\000r\000e\000n\000c\000e}{chapter.9}% 133
\BOOKMARK [1][-]{section.9.15}{\376\377\0009\000.\0001\0005\000\040\000p\000o\000i\000n\000t\000.\000c\000p\000p\000\040\000F\000i\000l\000e\000\040\000R\000e\000f\000e\000r\000e\000n\000c\000e}{chapter.9}% 134
\BOOKMARK [1][-]{section.9.16}{\376\377\0009\000.\0001\0006\000\040\000r\000e\000c\000t\000a\000n\000g\000l\000e\000.\000c\000p\000p\000\040\000F\000i\000l\000e\000\040\000R\000e\000f\000e\000r\000e\000n\000c\000e}{chapter.9}% 135
\BOOKMARK [1][-]{section.9.17}{\376\377\0009\000.\0001\0007\000\040\000s\000h\000a\000p\000e\000.\000c\000p\000p\000\040\000F\000i\000l\000e\000\040\000R\000e\000f\000e\000r\000e\000n\000c\000e}{chapter.9}% 136
\BOOKMARK [0][-]{section*.40}{\376\377\000I\000n\000d\000e\000x}{}% 137
